# JRE version: Java(TM) SE Runtime Environment (7.0_80-b15) (build 1.7.0_80-b15)
# Java VM: Java HotSpot(TM) 64-Bit Server VM (24.80-b11 mixed mode bsd-amd64 compressed oops)
Heap
 def new generation   total 629120K, used 586566K [0x000000077ae00000, 0x00000007a58a0000, 0x00000007a58a0000)
  eden space 559232K, 100% used [0x000000077ae00000, 0x000000079d020000, 0x000000079d020000)
  from space 69888K,  39% used [0x000000079d020000, 0x000000079ead1b10, 0x00000007a1460000)
  to   space 69888K,   0% used [0x00000007a1460000, 0x00000007a1460000, 0x00000007a58a0000)
 tenured generation   total 1398144K, used 1398143K [0x00000007a58a0000, 0x00000007fae00000, 0x00000007fae00000)
   the space 1398144K,  99% used [0x00000007a58a0000, 0x00000007fadffff8, 0x00000007fae00000, 0x00000007fae00000)
 compacting perm gen  total 21248K, used 15481K [0x00000007fae00000, 0x00000007fc2c0000, 0x0000000800000000)
   the space 21248K,  72% used [0x00000007fae00000, 0x00000007fbd1e728, 0x00000007fbd1e800, 0x00000007fc2c0000)
GC Heap History (10 events):
Event: 518.504 GC heap before
{Heap before GC invocations=705 (full 105):
 def new generation   total 629120K, used 629119K [0x000000077ae00000, 0x00000007a58a0000, 0x00000007a58a0000)
  eden space 559232K, 100% used [0x000000077ae00000, 0x000000079d020000, 0x000000079d020000)
  from space 69888K,  99% used [0x000000079d020000, 0x00000007a145fff8, 0x00000007a1460000)
  to   space 69888K,   0% used [0x00000007a1460000, 0x00000007a1460000, 0x00000007a58a0000)
 tenured generation   total 1398144K, used 1398143K [0x00000007a58a0000, 0x00000007fae00000, 0x00000007fae00000)
   the space 1398144K,  99% used [0x00000007a58a0000, 0x00000007fadffff8, 0x00000007fae00000, 0x00000007fae00000)
 compacting perm gen  total 21248K, used 15448K [0x00000007fae00000, 0x00000007fc2c0000, 0x0000000800000000)
   the space 21248K,  72% used [0x00000007fae00000, 0x00000007fbd163a0, 0x00000007fbd16400, 0x00000007fc2c0000)
No shared spaces configured.
Event: 521.726 GC heap after
Heap after GC invocations=706 (full 106):
 def new generation   total 629120K, used 355873K [0x000000077ae00000, 0x00000007a58a0000, 0x00000007a58a0000)
  eden space 559232K,  63% used [0x000000077ae00000, 0x0000000790988418, 0x000000079d020000)
  from space 69888K,   0% used [0x000000079d020000, 0x000000079d020000, 0x00000007a1460000)
  to   space 69888K,   0% used [0x00000007a1460000, 0x00000007a1460000, 0x00000007a58a0000)
 tenured generation   total 1398144K, used 1398143K [0x00000007a58a0000, 0x00000007fae00000, 0x00000007fae00000)
   the space 1398144K,  99% used [0x00000007a58a0000, 0x00000007fadffff8, 0x00000007fae00000, 0x00000007fae00000)
 compacting perm gen  total 21248K, used 15448K [0x00000007fae00000, 0x00000007fc2c0000, 0x0000000800000000)
   the space 21248K,  72% used [0x00000007fae00000, 0x00000007fbd163a0, 0x00000007fbd16400, 0x00000007fc2c0000)
No shared spaces configured.
}
Event: 522.402 GC heap before
{Heap before GC invocations=706 (full 106):
 def new generation   total 629120K, used 629119K [0x000000077ae00000, 0x00000007a58a0000, 0x00000007a58a0000)
  eden space 559232K, 100% used [0x000000077ae00000, 0x000000079d020000, 0x000000079d020000)
  from space 69888K,  99% used [0x000000079d020000, 0x00000007a145fff0, 0x00000007a1460000)
  to   space 69888K,   0% used [0x00000007a1460000, 0x00000007a1460000, 0x00000007a58a0000)
 tenured generation   total 1398144K, used 1398143K [0x00000007a58a0000, 0x00000007fae00000, 0x00000007fae00000)
   the space 1398144K,  99% used [0x00000007a58a0000, 0x00000007fadffff8, 0x00000007fae00000, 0x00000007fae00000)
 compacting perm gen  total 21248K, used 15448K [0x00000007fae00000, 0x00000007fc2c0000, 0x0000000800000000)
   the space 21248K,  72% used [0x00000007fae00000, 0x00000007fbd163a0, 0x00000007fbd16400, 0x00000007fc2c0000)
No shared spaces configured.
Event: 525.586 GC heap after
Heap after GC invocations=707 (full 107):
 def new generation   total 629120K, used 357613K [0x000000077ae00000, 0x00000007a58a0000, 0x00000007a58a0000)
  eden space 559232K,  63% used [0x000000077ae00000, 0x0000000790b3b418, 0x000000079d020000)
  from space 69888K,   0% used [0x000000079d020000, 0x000000079d020000, 0x00000007a1460000)
  to   space 69888K,   0% used [0x00000007a1460000, 0x00000007a1460000, 0x00000007a58a0000)
 tenured generation   total 1398144K, used 1398143K [0x00000007a58a0000, 0x00000007fae00000, 0x00000007fae00000)
   the space 1398144K,  99% used [0x00000007a58a0000, 0x00000007fadffff8, 0x00000007fae00000, 0x00000007fae00000)
 compacting perm gen  total 21248K, used 15448K [0x00000007fae00000, 0x00000007fc2c0000, 0x0000000800000000)
   the space 21248K,  72% used [0x00000007fae00000, 0x00000007fbd163a0, 0x00000007fbd16400, 0x00000007fc2c0000)
No shared spaces configured.
}
Event: 526.162 GC heap before
{Heap before GC invocations=707 (full 107):
 def new generation   total 629120K, used 629119K [0x000000077ae00000, 0x00000007a58a0000, 0x00000007a58a0000)
  eden space 559232K, 100% used [0x000000077ae00000, 0x000000079d020000, 0x000000079d020000)
  from space 69888K,  99% used [0x000000079d020000, 0x00000007a145fff8, 0x00000007a1460000)
  to   space 69888K,   0% used [0x00000007a1460000, 0x00000007a1460000, 0x00000007a58a0000)
 tenured generation   total 1398144K, used 1398143K [0x00000007a58a0000, 0x00000007fae00000, 0x00000007fae00000)
   the space 1398144K,  99% used [0x00000007a58a0000, 0x00000007fadffff8, 0x00000007fae00000, 0x00000007fae00000)
 compacting perm gen  total 21248K, used 15448K [0x00000007fae00000, 0x00000007fc2c0000, 0x0000000800000000)
   the space 21248K,  72% used [0x00000007fae00000, 0x00000007fbd163a0, 0x00000007fbd16400, 0x00000007fc2c0000)
No shared spaces configured.
Event: 529.819 GC heap after
Heap after GC invocations=708 (full 108):
 def new generation   total 629120K, used 358497K [0x000000077ae00000, 0x00000007a58a0000, 0x00000007a58a0000)
  eden space 559232K,  64% used [0x000000077ae00000, 0x0000000790c18568, 0x000000079d020000)
  from space 69888K,   0% used [0x000000079d020000, 0x000000079d020000, 0x00000007a1460000)
  to   space 69888K,   0% used [0x00000007a1460000, 0x00000007a1460000, 0x00000007a58a0000)
 tenured generation   total 1398144K, used 1398143K [0x00000007a58a0000, 0x00000007fae00000, 0x00000007fae00000)
   the space 1398144K,  99% used [0x00000007a58a0000, 0x00000007fadffff8, 0x00000007fae00000, 0x00000007fae00000)
 compacting perm gen  total 21248K, used 15448K [0x00000007fae00000, 0x00000007fc2c0000, 0x0000000800000000)
   the space 21248K,  72% used [0x00000007fae00000, 0x00000007fbd163a0, 0x00000007fbd16400, 0x00000007fc2c0000)
No shared spaces configured.
}
Event: 530.404 GC heap before
{Heap before GC invocations=708 (full 108):
 def new generation   total 629120K, used 629119K [0x000000077ae00000, 0x00000007a58a0000, 0x00000007a58a0000)
  eden space 559232K, 100% used [0x000000077ae00000, 0x000000079d020000, 0x000000079d020000)
  from space 69888K,  99% used [0x000000079d020000, 0x00000007a145fff8, 0x00000007a1460000)
  to   space 69888K,   0% used [0x00000007a1460000, 0x00000007a1460000, 0x00000007a58a0000)
 tenured generation   total 1398144K, used 1398143K [0x00000007a58a0000, 0x00000007fae00000, 0x00000007fae00000)
   the space 1398144K,  99% used [0x00000007a58a0000, 0x00000007fadffff8, 0x00000007fae00000, 0x00000007fae00000)
 compacting perm gen  total 21248K, used 15448K [0x00000007fae00000, 0x00000007fc2c0000, 0x0000000800000000)
   the space 21248K,  72% used [0x00000007fae00000, 0x00000007fbd163a0, 0x00000007fbd16400, 0x00000007fc2c0000)
No shared spaces configured.
Event: 533.510 GC heap after
Heap after GC invocations=709 (full 109):
 def new generation   total 629120K, used 359713K [0x000000077ae00000, 0x00000007a58a0000, 0x00000007a58a0000)
  eden space 559232K,  64% used [0x000000077ae00000, 0x0000000790d487b8, 0x000000079d020000)
  from space 69888K,   0% used [0x000000079d020000, 0x000000079d020000, 0x00000007a1460000)
  to   space 69888K,   0% used [0x00000007a1460000, 0x00000007a1460000, 0x00000007a58a0000)
 tenured generation   total 1398144K, used 1398143K [0x00000007a58a0000, 0x00000007fae00000, 0x00000007fae00000)
   the space 1398144K,  99% used [0x00000007a58a0000, 0x00000007fadffff8, 0x00000007fae00000, 0x00000007fae00000)
 compacting perm gen  total 21248K, used 15448K [0x00000007fae00000, 0x00000007fc2c0000, 0x0000000800000000)
   the space 21248K,  72% used [0x00000007fae00000, 0x00000007fbd163a0, 0x00000007fbd16400, 0x00000007fc2c0000)
No shared spaces configured.
}
Event: 534.095 GC heap before
{Heap before GC invocations=709 (full 109):
 def new generation   total 629120K, used 629120K [0x000000077ae00000, 0x00000007a58a0000, 0x00000007a58a0000)
  eden space 559232K, 100% used [0x000000077ae00000, 0x000000079d020000, 0x000000079d020000)
  from space 69888K, 100% used [0x000000079d020000, 0x00000007a1460000, 0x00000007a1460000)
  to   space 69888K,   0% used [0x00000007a1460000, 0x00000007a1460000, 0x00000007a58a0000)
 tenured generation   total 1398144K, used 1398143K [0x00000007a58a0000, 0x00000007fae00000, 0x00000007fae00000)
   the space 1398144K,  99% used [0x00000007a58a0000, 0x00000007fadffff8, 0x00000007fae00000, 0x00000007fae00000)
 compacting perm gen  total 21248K, used 15448K [0x00000007fae00000, 0x00000007fc2c0000, 0x0000000800000000)
   the space 21248K,  72% used [0x00000007fae00000, 0x00000007fbd163a0, 0x00000007fbd16400, 0x00000007fc2c0000)
No shared spaces configured.
Event: 537.273 GC heap after
Heap after GC invocations=710 (full 110):
 def new generation   total 629120K, used 362689K [0x000000077ae00000, 0x00000007a58a0000, 0x00000007a58a0000)
  eden space 559232K,  64% used [0x000000077ae00000, 0x0000000791030510, 0x000000079d020000)
  from space 69888K,   0% used [0x000000079d020000, 0x000000079d020000, 0x00000007a1460000)
  to   space 69888K,   0% used [0x00000007a1460000, 0x00000007a1460000, 0x00000007a58a0000)
 tenured generation   total 1398144K, used 1398143K [0x00000007a58a0000, 0x00000007fae00000, 0x00000007fae00000)
   the space 1398144K,  99% used [0x00000007a58a0000, 0x00000007fadffff8, 0x00000007fae00000, 0x00000007fae00000)
 compacting perm gen  total 21248K, used 15448K [0x00000007fae00000, 0x00000007fc2c0000, 0x0000000800000000)
   the space 21248K,  72% used [0x00000007fae00000, 0x00000007fbd163a0, 0x00000007fbd16400, 0x00000007fc2c0000)
No shared spaces configured.
}

